<?xml version="1.0" encoding="UTF-8"?>
<testsuite xmlns:xsi="http://www.w3.org/2001/XMLSchema-instance" xsi:noNamespaceSchemaLocation="https://maven.apache.org/surefire/maven-surefire-plugin/xsd/surefire-test-report.xsd" version="3.0.2" name="com.placement.portal.recruitment.EligibilityAndPipelineIntegrationTests" time="0.393" tests="30" errors="0" skipped="0" failures="0">
  <properties>
[...]
</properties>
  <testcase name="testGetApplicationScores_OwnerAuthorized" classname="com.placement.portal.recruitment.EligibilityAndPipelineIntegrationTests" time="0.021">
    <system-out><![CDATA[2026-09-12T21:30:04.010+05:30  INFO 31553 --- [student-placement-portal] [           main] t.c.s.AnnotationConfigContextLoaderUtils : Could not detect default configuration classes for test class [com.placement.portal.recruitment.EligibilityAndPipelineIntegrationTests]: EligibilityAndPipelineIntegrationTests does not declare any static, non-private, non-final, nested classes annotated with @Configuration.
2026-09-12T21:30:04.011+05:30  INFO 31553 --- [student-placement-portal] [           main] .b.t.c.SpringBootTestContextBootstrapper : Found @SpringBootConfiguration com.placement.portal.PlacementPortalApplication for test class com.placement.portal.recruitment.EligibilityAndPipelineIntegrationTests
]]></system-out>
  </testcase>
  <testcase name="testCase3_BelowThresholdCgpa" classname="com.placement.portal.recruitment.EligibilityAndPipelineIntegrationTests" time="0.009"/>
  <testcase name="testApplicationScores_CaseD_NoEvaluatedRounds" classname="com.placement.portal.recruitment.EligibilityAndPipelineIntegrationTests" time="0.007"/>
  <testcase name="testMultipleOffers_DoubleAcceptanceForbidden" classname="com.placement.portal.recruitment.EligibilityAndPipelineIntegrationTests" time="0.03"/>
  <testcase name="testGetMyApplications_Student2Isolation" classname="com.placement.portal.recruitment.EligibilityAndPipelineIntegrationTests" time="0.017"/>
  <testcase name="testOfferAcceptance_CrossStudentForbidden" classname="com.placement.portal.recruitment.EligibilityAndPipelineIntegrationTests" time="0.007"/>
  <testcase name="testCase1_EligibleCseStudent" classname="com.placement.portal.recruitment.EligibilityAndPipelineIntegrationTests" time="0.007"/>
  <testcase name="testDriveEligibilityEndpoint_PrincipalResolution" classname="com.placement.portal.recruitment.EligibilityAndPipelineIntegrationTests" time="0.012"/>
  <testcase name="testMultipleOffers_AtomicAcceptAndDecline" classname="com.placement.portal.recruitment.EligibilityAndPipelineIntegrationTests" time="0.036"/>
  <testcase name="testApplicationScores_CaseA_CompletedCandidate" classname="com.placement.portal.recruitment.EligibilityAndPipelineIntegrationTests" time="0.007"/>
  <testcase name="testApplicationScores_CaseC_SingleRoundCandidate" classname="com.placement.portal.recruitment.EligibilityAndPipelineIntegrationTests" time="0.007"/>
  <testcase name="testAllDrivesEligibilityEndpoint_PrincipalResolution" classname="com.placement.portal.recruitment.EligibilityAndPipelineIntegrationTests" time="0.023"/>
  <testcase name="testPreventDuplicateOffers" classname="com.placement.portal.recruitment.EligibilityAndPipelineIntegrationTests" time="0.025">
    <system-out><![CDATA[2026-09-12T21:30:04.229+05:30  INFO 31553 --- [student-placement-portal] [           main] c.placement.portal.offer.OfferJdbcDao    : H2 simulated ISSUE_OFFER generated Offer ID: OFF015
]]></system-out>
  </testcase>
  <testcase name="testDriveIdTraceability" classname="com.placement.portal.recruitment.EligibilityAndPipelineIntegrationTests" time="0.011"/>
  <testcase name="testApplicationScores_CaseB_InProgressCandidate" classname="com.placement.portal.recruitment.EligibilityAndPipelineIntegrationTests" time="0.008"/>
  <testcase name="testGetMyApplications_Student1" classname="com.placement.portal.recruitment.EligibilityAndPipelineIntegrationTests" time="0.013"/>
  <testcase name="testGetApplicationScores_CrossStudentForbidden" classname="com.placement.portal.recruitment.EligibilityAndPipelineIntegrationTests" time="0.01"/>
  <testcase name="testCase6_OpenDriveEligible" classname="com.placement.portal.recruitment.EligibilityAndPipelineIntegrationTests" time="0.006"/>
  <testcase name="testApplyForDrive_CrossStudentForbidden" classname="com.placement.portal.recruitment.EligibilityAndPipelineIntegrationTests" time="0.008"/>
  <testcase name="testGetMyApplications_UnauthenticatedForbidden" classname="com.placement.portal.recruitment.EligibilityAndPipelineIntegrationTests" time="0.005"/>
  <testcase name="testGetMyInterviews_AuthenticatedStudent" classname="com.placement.portal.recruitment.EligibilityAndPipelineIntegrationTests" time="0.009"/>
  <testcase name="testGetApplicationScores_InProgressCandidate" classname="com.placement.portal.recruitment.EligibilityAndPipelineIntegrationTests" time="0.009"/>
  <testcase name="testOfferRelease_Tcs_7_50Lpa_StatusOffered" classname="com.placement.portal.recruitment.EligibilityAndPipelineIntegrationTests" time="0.007">
    <system-out><![CDATA[2026-09-12T21:30:04.323+05:30  INFO 31553 --- [student-placement-portal] [           main] c.placement.portal.offer.OfferJdbcDao    : H2 simulated ISSUE_OFFER generated Offer ID: OFF015
]]></system-out>
  </testcase>
  <testcase name="testPackageConsistency_MicrosoftDriveAndOfferAligned" classname="com.placement.portal.recruitment.EligibilityAndPipelineIntegrationTests" time="0.033"/>
  <testcase name="testCase5_ExpiredDeadline" classname="com.placement.portal.recruitment.EligibilityAndPipelineIntegrationTests" time="0.006"/>
  <testcase name="testBackendAuthoritativeRejection_IneligibleSubmission" classname="com.placement.portal.recruitment.EligibilityAndPipelineIntegrationTests" time="0.006"/>
  <testcase name="testCase2_ExactThresholdCgpa" classname="com.placement.portal.recruitment.EligibilityAndPipelineIntegrationTests" time="0.004"/>
  <testcase name="testOfferReleaseApiController" classname="com.placement.portal.recruitment.EligibilityAndPipelineIntegrationTests" time="0.011">
    <system-out><![CDATA[2026-09-12T21:30:04.384+05:30  INFO 31553 --- [student-placement-portal] [           main] c.placement.portal.offer.OfferJdbcDao    : H2 simulated ISSUE_OFFER generated Offer ID: OFF015
]]></system-out>
  </testcase>
  <testcase name="testCase4_IneligibleProgram" classname="com.placement.portal.recruitment.EligibilityAndPipelineIntegrationTests" time="0.006"/>
  <testcase name="testOfferRelease_Microsoft_44Lpa" classname="com.placement.portal.recruitment.EligibilityAndPipelineIntegrationTests" time="0.007">
    <system-out><![CDATA[2026-09-12T21:30:04.398+05:30  INFO 31553 --- [student-placement-portal] [           main] c.placement.portal.offer.OfferJdbcDao    : H2 simulated ISSUE_OFFER generated Offer ID: OFF015
]]></system-out>
  </testcase>
</testsuite>