<?xml version="1.0" encoding="UTF-8"?>
<testsuite xmlns:xsi="http://www.w3.org/2001/XMLSchema-instance" xsi:noNamespaceSchemaLocation="https://maven.apache.org/surefire/maven-surefire-plugin/xsd/surefire-test-report.xsd" version="3.0.2" name="com.placement.portal.auth.AuthServiceTests" time="9.152" tests="3" errors="0" skipped="0" failures="0">
  <properties>
[...]
</properties>
  <testcase name="testInvalidPasswordFailure" classname="com.placement.portal.auth.AuthServiceTests" time="0.391">
    <system-out><![CDATA[Standard Commons Logging discovery in action with spring-jcl: please remove commons-logging.jar from classpath in order to avoid potential conflicts
21:29:51.311 [main] INFO org.springframework.test.context.support.AnnotationConfigContextLoaderUtils -- Could not detect default configuration classes for test class [com.placement.portal.auth.AuthServiceTests]: AuthServiceTests does not declare any static, non-private, non-final, nested classes annotated with @Configuration.
21:29:51.440 [main] INFO org.springframework.boot.test.context.SpringBootTestContextBootstrapper -- Found @SpringBootConfiguration com.placement.portal.PlacementPortalApplication for test class com.placement.portal.auth.AuthServiceTests

  .   ____          _            __ _ _
 /\\ / ___'_ __ _ _(_)_ __  __ _ \ \ \ \
( ( )\___ | '_ | '_| | '_ \/ _` | \ \ \ \
 \\/  ___)| |_)| | | | | || (_| |  ) ) ) )
  '  |____| .__|_| |_|_| |_\__, | / / / /
 =========|_|==============|___/=/_/_/_/

 :: Spring Boot ::                (v3.4.3)

2026-09-12T21:29:51.761+05:30  INFO 31553 --- [student-placement-portal] [           main] c.p.portal.auth.AuthServiceTests         : Starting AuthServiceTests using Java 26.0.2 with PID 31553 (started by achyutranaut in /Users/achyutranaut/Desktop/projects/student-placement-recruitment-portal/backend)
2026-09-12T21:29:51.763+05:30  INFO 31553 --- [student-placement-portal] [           main] c.p.portal.auth.AuthServiceTests         : The following 1 profile is active: "h2"
2026-09-12T21:29:52.820+05:30  INFO 31553 --- [student-placement-portal] [           main] .s.d.r.c.RepositoryConfigurationDelegate : Multiple Spring Data modules found, entering strict repository configuration mode
2026-09-12T21:29:52.821+05:30  INFO 31553 --- [student-placement-portal] [           main] .s.d.r.c.RepositoryConfigurationDelegate : Bootstrapping Spring Data JPA repositories in DEFAULT mode.
2026-09-12T21:29:52.970+05:30  INFO 31553 --- [student-placement-portal] [           main] .s.d.r.c.RepositoryConfigurationDelegate : Finished Spring Data repository scanning in 142 ms. Found 20 JPA repository interfaces.
2026-09-12T21:29:53.581+05:30  INFO 31553 --- [student-placement-portal] [           main] o.hibernate.jpa.internal.util.LogHelper  : HHH000204: Processing PersistenceUnitInfo [name: default]
2026-09-12T21:29:53.621+05:30  INFO 31553 --- [student-placement-portal] [           main] org.hibernate.Version                    : HHH000412: Hibernate ORM core version 6.6.8.Final
2026-09-12T21:29:53.646+05:30  INFO 31553 --- [student-placement-portal] [           main] o.h.c.internal.RegionFactoryInitiator    : HHH000026: Second-level cache disabled
2026-09-12T21:29:53.850+05:30  INFO 31553 --- [student-placement-portal] [           main] o.s.o.j.p.SpringPersistenceUnitInfo      : No LoadTimeWeaver setup: ignoring JPA class transformer
2026-09-12T21:29:53.875+05:30  INFO 31553 --- [student-placement-portal] [           main] com.zaxxer.hikari.HikariDataSource       : HikariPool-1 - Starting...
2026-09-12T21:29:54.088+05:30  INFO 31553 --- [student-placement-portal] [           main] com.zaxxer.hikari.pool.HikariPool        : HikariPool-1 - Added connection conn0: url=jdbc:h2:mem:placementdb user=SA
2026-09-12T21:29:54.089+05:30  INFO 31553 --- [student-placement-portal] [           main] com.zaxxer.hikari.HikariDataSource       : HikariPool-1 - Start completed.
2026-09-12T21:29:54.103+05:30  WARN 31553 --- [student-placement-portal] [           main] org.hibernate.orm.deprecation            : HHH90000025: H2Dialect does not need to be specified explicitly using 'hibernate.dialect' (remove the property setting and it will be selected by default)
2026-09-12T21:29:54.115+05:30  INFO 31553 --- [student-placement-portal] [           main] org.hibernate.orm.connections.pooling    : HHH10001005: Database info:
	Database JDBC URL [Connecting through datasource 'HikariDataSource (HikariPool-1)']
	Database driver: undefined/unknown
	Database version: 2.3.232
	Autocommit mode: undefined/unknown
	Isolation level: undefined/unknown
	Minimum pool size: undefined/unknown
	Maximum pool size: undefined/unknown
2026-09-12T21:29:54.892+05:30  INFO 31553 --- [student-placement-portal] [           main] o.h.e.t.j.p.i.JtaPlatformInitiator       : HHH000489: No JTA platform available (set 'hibernate.transaction.jta.platform' to enable JTA platform integration)
2026-09-12T21:29:54.952+05:30  INFO 31553 --- [student-placement-portal] [           main] j.LocalContainerEntityManagerFactoryBean : Initialized JPA EntityManagerFactory for persistence unit 'default'
2026-09-12T21:29:56.469+05:30  WARN 31553 --- [student-placement-portal] [           main] JpaBaseConfiguration$JpaWebConfiguration : spring.jpa.open-in-view is enabled by default. Therefore, database queries may be performed during view rendering. Explicitly configure spring.jpa.open-in-view to disable this warning
2026-09-12T21:29:57.130+05:30  INFO 31553 --- [student-placement-portal] [           main] o.s.b.a.e.web.EndpointLinksResolver      : Exposing 3 endpoints beneath base path '/actuator'
2026-09-12T21:29:57.761+05:30  INFO 31553 --- [student-placement-portal] [           main] o.s.b.a.h2.H2ConsoleAutoConfiguration    : H2 console available at '/h2-console'. Database available at 'jdbc:h2:mem:placementdb'
2026-09-12T21:29:57.865+05:30  INFO 31553 --- [student-placement-portal] [           main] c.p.portal.auth.AuthServiceTests         : Started AuthServiceTests in 6.342 seconds (process running for 7.269)
2026-09-12T21:29:57.874+05:30  INFO 31553 --- [student-placement-portal] [           main] c.p.portal.config.DataInitializer        : Verifying university canonical academic degree programs in PROGRAM table...
2026-09-12T21:29:58.389+05:30  INFO 31553 --- [student-placement-portal] [           main] c.p.portal.config.DataInitializer        : Verified all 107 institutional degree programs in PROGRAM table.
2026-09-12T21:29:58.397+05:30  INFO 31553 --- [student-placement-portal] [           main] c.p.portal.config.DataInitializer        : Canonical master reference data verified. Database is ready for live operational data.
2026-09-12T21:29:58.403+05:30  INFO 31553 --- [student-placement-portal] [           main] c.p.portal.TestFixturesInitializer       : [TEST-ONLY] Initializing isolated test fixtures for automated test suites...
]]></system-out>
    <system-err><![CDATA[Mockito is currently self-attaching to enable the inline-mock-maker. This will no longer work in future releases of the JDK. Please add Mockito as an agent to your build what is described in Mockito's documentation: https://javadoc.io/doc/org.mockito/mockito-core/latest/org/mockito/Mockito.html#0.3
]]></system-err>
  </testcase>
  <testcase name="testAdminLoginSuccess" classname="com.placement.portal.auth.AuthServiceTests" time="0.179"/>
  <testcase name="testStudentLoginSuccess" classname="com.placement.portal.auth.AuthServiceTests" time="0.125"/>
</testsuite>